RUN	TestJenkins.CheckResponseDuplicate	checkresponseduplicate	1584729086005	 	3.3.1
USER	VideoGames DB	1	START	1584729090464	1584729090464
REQUEST	1		Get Specific Video Game	1584729090510	1584729091588	OK	 
USER	VideoGames DB	2	START	1584729092454	1584729092454
REQUEST	2		Get Specific Video Game	1584729092455	1584729092464	OK	 
REQUEST	1		Get All Video Games	1584729092717	1584729092726	OK	 
REQUEST	2		Get All Video Games	1584729094214	1584729094222	OK	 
USER	VideoGames DB	3	START	1584729094455	1584729094455
REQUEST	3		Get Specific Video Game	1584729094457	1584729094464	OK	 
REQUEST	1		Get Specific game w/ extracted game id	1584729094730	1584729094735	OK	 
REQUEST	3		Get All Video Games	1584729095554	1584729095562	OK	 
REQUEST	1		Get Specific Video Game	1584729095976	1584729095982	OK	 
REQUEST	2		Get Specific game w/ extracted game id	1584729096217	1584729096223	OK	 
USER	VideoGames DB	4	START	1584729096455	1584729096455
REQUEST	4		Get Specific Video Game	1584729096456	1584729096464	OK	 
REQUEST	2		Get Specific Video Game	1584729097476	1584729097482	OK	 
REQUEST	3		Get Specific game w/ extracted game id	1584729097554	1584729097559	OK	 
REQUEST	1		Get All Video Games	1584729097894	1584729097901	OK	 
REQUEST	4		Get All Video Games	1584729098366	1584729098372	OK	 
USER	VideoGames DB	5	START	1584729098456	1584729098456
REQUEST	5		Get Specific Video Game	1584729098457	1584729098467	OK	 
REQUEST	2		Get All Video Games	1584729098525	1584729098532	OK	 
REQUEST	3		Get Specific Video Game	1584729098887	1584729098894	OK	 
REQUEST	5		Get All Video Games	1584729099544	1584729099550	OK	 
REQUEST	1		Get Specific game w/ extracted game id	1584729099906	1584729099912	OK	 
REQUEST	4		Get Specific game w/ extracted game id	1584729100365	1584729100369	OK	 
REQUEST	2		Get Specific game w/ extracted game id	1584729100544	1584729100551	OK	 
REQUEST	3		Get All Video Games	1584729100767	1584729100772	OK	 
REQUEST	1		Get Specific Video Game	1584729101395	1584729101399	OK	 
REQUEST	5		Get Specific game w/ extracted game id	1584729101546	1584729101552	OK	 
REQUEST	4		Get Specific Video Game	1584729101625	1584729101630	OK	 
REQUEST	2		Get Specific Video Game	1584729101705	1584729101710	OK	 
REQUEST	3		Get Specific game w/ extracted game id	1584729102776	1584729102781	OK	 
REQUEST	1		Get All Video Games	1584729103247	1584729103252	OK	 
REQUEST	5		Get Specific Video Game	1584729103276	1584729103282	OK	 
REQUEST	4		Get All Video Games	1584729103364	1584729103370	OK	 
REQUEST	2		Get All Video Games	1584729103446	1584729103451	OK	 
REQUEST	3		Get Specific Video Game	1584729104245	1584729104250	OK	 
REQUEST	5		Get All Video Games	1584729104387	1584729104393	OK	 
REQUEST	1		Get Specific game w/ extracted game id	1584729105266	1584729105272	OK	 
REQUEST	4		Get Specific game w/ extracted game id	1584729105376	1584729105381	OK	 
REQUEST	2		Get Specific game w/ extracted game id	1584729105456	1584729105461	OK	 
REQUEST	3		Get All Video Games	1584729105696	1584729105701	OK	 
REQUEST	1		Get Specific Video Game	1584729106377	1584729106382	OK	 
REQUEST	5		Get Specific game w/ extracted game id	1584729106396	1584729106401	OK	 
REQUEST	4		Get Specific Video Game	1584729107286	1584729107293	OK	 
REQUEST	2		Get Specific Video Game	1584729107455	1584729107460	OK	 
REQUEST	3		Get Specific game w/ extracted game id	1584729107696	1584729107701	OK	 
REQUEST	1		Get All Video Games	1584729107826	1584729107832	OK	 
REQUEST	5		Get Specific Video Game	1584729108035	1584729108040	OK	 
REQUEST	4		Get All Video Games	1584729108666	1584729108671	OK	 
REQUEST	3		Get Specific Video Game	1584729109065	1584729109069	OK	 
REQUEST	2		Get All Video Games	1584729109407	1584729109412	OK	 
REQUEST	5		Get All Video Games	1584729109546	1584729109552	OK	 
REQUEST	1		Get Specific game w/ extracted game id	1584729109827	1584729109833	OK	 
REQUEST	3		Get All Video Games	1584729110525	1584729110530	OK	 
REQUEST	4		Get Specific game w/ extracted game id	1584729110675	1584729110679	OK	 
REQUEST	2		Get Specific game w/ extracted game id	1584729111404	1584729111409	OK	 
REQUEST	5		Get Specific game w/ extracted game id	1584729111555	1584729111560	OK	 
REQUEST	1		Get Specific Video Game	1584729111737	1584729111742	OK	 
REQUEST	4		Get Specific Video Game	1584729112137	1584729112142	OK	 
REQUEST	3		Get Specific game w/ extracted game id	1584729112525	1584729112535	OK	 
REQUEST	2		Get Specific Video Game	1584729112967	1584729112973	OK	 
REQUEST	1		Get All Video Games	1584729113286	1584729113292	OK	 
REQUEST	5		Get Specific Video Game	1584729113384	1584729113388	OK	 
REQUEST	4		Get All Video Games	1584729113726	1584729113730	OK	 
REQUEST	3		Get Specific Video Game	1584729113805	1584729113811	OK	 
REQUEST	2		Get All Video Games	1584729114175	1584729114180	OK	 
REQUEST	3		Get All Video Games	1584729115054	1584729115060	OK	 
REQUEST	5		Get All Video Games	1584729115175	1584729115181	OK	 
REQUEST	1		Get Specific game w/ extracted game id	1584729115296	1584729115300	OK	 
REQUEST	4		Get Specific game w/ extracted game id	1584729115735	1584729115740	OK	 
REQUEST	2		Get Specific game w/ extracted game id	1584729116187	1584729116191	OK	 
REQUEST	1		Get Specific Video Game	1584729116936	1584729116941	OK	 
REQUEST	3		Get Specific game w/ extracted game id	1584729117067	1584729117071	OK	 
REQUEST	4		Get Specific Video Game	1584729117084	1584729117087	OK	 
REQUEST	5		Get Specific game w/ extracted game id	1584729117176	1584729117181	OK	 
REQUEST	2		Get Specific Video Game	1584729117874	1584729117879	OK	 
REQUEST	1		Get All Video Games	1584729117945	1584729117949	OK	 
